<?xml version="1.0" encoding="utf-8"?><testsuites name="pytest tests"><testsuite name="pytest" errors="0" failures="0" skipped="0" tests="18" time="6.369" timestamp="2026-03-22T14:09:21.522631+00:00" hostname="agent-env-3002fd26-6c3c-4845-905f-c056a5ac0320"><testcase classname="backend.tests.test_trc_api.TestHealth" name="test_health" time="0.334" /><testcase classname="backend.tests.test_trc_api.TestUSDOT" name="test_usdot_lookup_valid" time="0.109" /><testcase classname="backend.tests.test_trc_api.TestUSDOT" name="test_usdot_company_name" time="0.104" /><testcase classname="backend.tests.test_trc_api.TestUSDOT" name="test_usdot_yellow_status" time="0.175" /><testcase classname="backend.tests.test_trc_api.TestUSDOT" name="test_usdot_invalid_format" time="0.138" /><testcase classname="backend.tests.test_trc_api.TestUSDOT" name="test_usdot_not_found" time="0.553" /><testcase classname="backend.tests.test_trc_api.TestAuth" name="test_register_new_user" time="0.395" /><testcase classname="backend.tests.test_trc_api.TestAuth" name="test_register_duplicate_email" time="0.494" /><testcase classname="backend.tests.test_trc_api.TestAuth" name="test_login_valid" time="0.705" /><testcase classname="backend.tests.test_trc_api.TestAuth" name="test_login_invalid_password" time="0.116" /><testcase classname="backend.tests.test_trc_api.TestAuth" name="test_auth_me" time="0.431" /><testcase classname="backend.tests.test_trc_api.TestMonitoring" name="test_subscribe_new_user" time="0.376" /><testcase classname="backend.tests.test_trc_api.TestMonitoring" name="test_subscribe_existing_user_wrong_password" time="0.659" /><testcase classname="backend.tests.test_trc_api.TestPayments" name="test_create_checkout_2year" time="0.618" /><testcase classname="backend.tests.test_trc_api.TestPayments" name="test_create_checkout_4year" time="0.478" /><testcase classname="backend.tests.test_trc_api.TestPayments" name="test_create_checkout_invalid_tier" time="0.099" /><testcase classname="backend.tests.test_trc_api.TestDashboard" name="test_dashboard_authenticated" time="0.419" /><testcase classname="backend.tests.test_trc_api.TestDashboard" name="test_dashboard_unauthenticated" time="0.106" /></testsuite></testsuites>